<?xml version="1.0" encoding="UTF-8"?>
<!-- Generated by org.testng.reporters.JUnitXMLReporter -->
<testsuite ignored="0" hostname="PRASANNA" failures="2" tests="2" name="Default test" time="3.814" errors="0" timestamp="2026-01-14T18:24:34 EST">
  <testcase classname="io.cucumber.testng.AbstractTestNGCucumberTests" name="runScenario" time="1.033">
    <failure type="org.apache.logging.log4j.core.config.ConfigurationException" message="No type attribute provided for component log4j">
      <![CDATA[org.apache.logging.log4j.core.config.ConfigurationException: No type attribute provided for component log4j
at org.apache.logging.log4j.core.config.properties.PropertiesConfigurationBuilder.createComponent(PropertiesConfigurationBuilder.java:362)
at org.apache.logging.log4j.core.config.properties.PropertiesConfigurationBuilder.processRemainingProperties(PropertiesConfigurationBuilder.java:206)
at org.apache.logging.log4j.core.config.properties.PropertiesConfigurationBuilder.build(PropertiesConfigurationBuilder.java:190)
at org.apache.logging.log4j.core.config.properties.PropertiesConfigurationFactory.getConfiguration(PropertiesConfigurationFactory.java:56)
at org.apache.logging.log4j.core.config.properties.PropertiesConfigurationFactory.getConfiguration(PropertiesConfigurationFactory.java:34)
at org.apache.logging.log4j.core.config.ConfigurationFactory$Factory.getConfiguration(ConfigurationFactory.java:544)
at org.apache.logging.log4j.core.config.ConfigurationFactory$Factory.getConfiguration(ConfigurationFactory.java:463)
at org.apache.logging.log4j.core.config.ConfigurationFactory.getConfiguration(ConfigurationFactory.java:321)
at org.apache.logging.log4j.core.LoggerContext.reconfigure(LoggerContext.java:778)
at org.apache.logging.log4j.core.LoggerContext.reconfigure(LoggerContext.java:808)
at org.apache.logging.log4j.core.LoggerContext.start(LoggerContext.java:311)
at org.apache.logging.log4j.core.impl.Log4jContextFactory.getContext(Log4jContextFactory.java:160)
at org.apache.logging.log4j.core.impl.Log4jContextFactory.getContext(Log4jContextFactory.java:48)
at org.apache.logging.log4j.LogManager.getContext(LogManager.java:139)
at org.apache.logging.log4j.LogManager.getLogger(LogManager.java:557)
at payload.UserPayload.<init>(UserPayload.java:18)
at requests.UserRequest.getUsersByProgramId(UserRequest.java:138)
at stepDefinitions.UserModuleSteps2.admin_creates_get_request_with_valid_or_invalid_program_id_for(UserModuleSteps2.java:33)
at ✽.Admin creates GET Request with valid or invalid Program Id for "GETuserbyValidProgramID"(file:///C:/Users/prasa/git/Team05_APISquad/src/test/resources/Feature/03Usermodule-2.feature:9)
]]>
    </failure>
  </testcase> <!-- runScenario -->
  <testcase classname="io.cucumber.testng.AbstractTestNGCucumberTests" name="runScenario" time="1.006">
    <failure type="java.lang.IllegalArgumentException" message="programId must be valid integer: 65.0">
      <![CDATA[java.lang.IllegalArgumentException: programId must be valid integer: 65.0
at requests.UserRequest.getUsersByProgramId(UserRequest.java:155)
at stepDefinitions.UserModuleSteps2.admin_creates_get_request_with_valid_or_invalid_program_id_for(UserModuleSteps2.java:33)
at ✽.Admin creates GET Request with valid or invalid Program Id for "GETuserbyInValidProgramID"(file:///C:/Users/prasa/git/Team05_APISquad/src/test/resources/Feature/03Usermodule-2.feature:9)
]]>
    </failure>
  </testcase> <!-- runScenario -->
</testsuite> <!-- Default test -->
