<?xml version="1.0" encoding="UTF-8"?>
<testng-results ignored="0" total="2" passed="0" failed="2" skipped="0">
  <reporter-output>
  </reporter-output>
  <suite started-at="2026-01-14T18:24:30 EST" name="Default suite" finished-at="2026-01-14T18:24:34 EST" duration-ms="3814">
    <groups>
      <group name="cucumber">
        <method signature="AbstractTestNGCucumberTests.runScenario(io.cucumber.testng.PickleWrapper,io.cucumber.testng.FeatureWrapper)[pri:0, instance:runner.TestRunner@1dac5ef]" name="runScenario" class="io.cucumber.testng.AbstractTestNGCucumberTests"/>
      </group> <!-- cucumber -->
    </groups>
    <test started-at="2026-01-14T18:24:30 EST" name="Default test" finished-at="2026-01-14T18:24:34 EST" duration-ms="3814">
      <class name="runner.TestRunner">
        <test-method is-config="true" signature="setUpClass(org.testng.ITestContext)[pri:0, instance:runner.TestRunner@1dac5ef]" started-at="2026-01-14T18:24:30 EST" name="setUpClass" finished-at="2026-01-14T18:24:31 EST" duration-ms="592" status="PASS">
          <params>
            <param index="0">
              <value>
                <![CDATA[org.testng.TestRunner@62735b13]]>
              </value>
            </param>
          </params>
          <reporter-output>
          </reporter-output>
        </test-method> <!-- setUpClass -->
        <test-method signature="runScenario(io.cucumber.testng.PickleWrapper,io.cucumber.testng.FeatureWrapper)[pri:0, instance:runner.TestRunner@1dac5ef]" started-at="2026-01-14T18:24:31 EST" name="runScenario" description="Runs Cucumber Scenarios" data-provider="scenarios" finished-at="2026-01-14T18:24:32 EST" duration-ms="1033" status="FAIL">
          <params>
            <param index="0">
              <value>
                <![CDATA["Check if Admin is able to retrieve user with valid/invalid Program ID"]]>
              </value>
            </param>
            <param index="1">
              <value>
                <![CDATA["GET operations for User Module"]]>
              </value>
            </param>
          </params>
          <exception class="org.apache.logging.log4j.core.config.ConfigurationException">
            <message>
              <![CDATA[No type attribute provided for component log4j]]>
            </message>
            <full-stacktrace>
              <![CDATA[org.apache.logging.log4j.core.config.ConfigurationException: No type attribute provided for component log4j
at org.apache.logging.log4j.core.config.properties.PropertiesConfigurationBuilder.createComponent(PropertiesConfigurationBuilder.java:362)
at org.apache.logging.log4j.core.config.properties.PropertiesConfigurationBuilder.processRemainingProperties(PropertiesConfigurationBuilder.java:206)
at org.apache.logging.log4j.core.config.properties.PropertiesConfigurationBuilder.build(PropertiesConfigurationBuilder.java:190)
at org.apache.logging.log4j.core.config.properties.PropertiesConfigurationFactory.getConfiguration(PropertiesConfigurationFactory.java:56)
at org.apache.logging.log4j.core.config.properties.PropertiesConfigurationFactory.getConfiguration(PropertiesConfigurationFactory.java:34)
at org.apache.logging.log4j.core.config.ConfigurationFactory$Factory.getConfiguration(ConfigurationFactory.java:544)
at org.apache.logging.log4j.core.config.ConfigurationFactory$Factory.getConfiguration(ConfigurationFactory.java:463)
at org.apache.logging.log4j.core.config.ConfigurationFactory.getConfiguration(ConfigurationFactory.java:321)
at org.apache.logging.log4j.core.LoggerContext.reconfigure(LoggerContext.java:778)
at org.apache.logging.log4j.core.LoggerContext.reconfigure(LoggerContext.java:808)
at org.apache.logging.log4j.core.LoggerContext.start(LoggerContext.java:311)
at org.apache.logging.log4j.core.impl.Log4jContextFactory.getContext(Log4jContextFactory.java:160)
at org.apache.logging.log4j.core.impl.Log4jContextFactory.getContext(Log4jContextFactory.java:48)
at org.apache.logging.log4j.LogManager.getContext(LogManager.java:139)
at org.apache.logging.log4j.LogManager.getLogger(LogManager.java:557)
at payload.UserPayload.<init>(UserPayload.java:18)
at requests.UserRequest.getUsersByProgramId(UserRequest.java:138)
at stepDefinitions.UserModuleSteps2.admin_creates_get_request_with_valid_or_invalid_program_id_for(UserModuleSteps2.java:33)
at ✽.Admin creates GET Request with valid or invalid Program Id for "GETuserbyValidProgramID"(file:///C:/Users/prasa/git/Team05_APISquad/src/test/resources/Feature/03Usermodule-2.feature:9)
]]>
            </full-stacktrace>
          </exception> <!-- org.apache.logging.log4j.core.config.ConfigurationException -->
          <reporter-output>
          </reporter-output>
        </test-method> <!-- runScenario -->
        <test-method signature="runScenario(io.cucumber.testng.PickleWrapper,io.cucumber.testng.FeatureWrapper)[pri:0, instance:runner.TestRunner@1dac5ef]" started-at="2026-01-14T18:24:32 EST" name="runScenario" description="Runs Cucumber Scenarios" data-provider="scenarios" finished-at="2026-01-14T18:24:33 EST" duration-ms="1006" status="FAIL">
          <params>
            <param index="0">
              <value>
                <![CDATA["Check if Admin is able to retrieve user with valid/invalid Program ID"]]>
              </value>
            </param>
            <param index="1">
              <value>
                <![CDATA["GET operations for User Module"]]>
              </value>
            </param>
          </params>
          <exception class="java.lang.IllegalArgumentException">
            <message>
              <![CDATA[programId must be valid integer: 65.0]]>
            </message>
            <full-stacktrace>
              <![CDATA[java.lang.IllegalArgumentException: programId must be valid integer: 65.0
at requests.UserRequest.getUsersByProgramId(UserRequest.java:155)
at stepDefinitions.UserModuleSteps2.admin_creates_get_request_with_valid_or_invalid_program_id_for(UserModuleSteps2.java:33)
at ✽.Admin creates GET Request with valid or invalid Program Id for "GETuserbyInValidProgramID"(file:///C:/Users/prasa/git/Team05_APISquad/src/test/resources/Feature/03Usermodule-2.feature:9)
]]>
            </full-stacktrace>
          </exception> <!-- java.lang.IllegalArgumentException -->
          <reporter-output>
          </reporter-output>
        </test-method> <!-- runScenario -->
        <test-method is-config="true" signature="tearDownClass()[pri:0, instance:runner.TestRunner@1dac5ef]" started-at="2026-01-14T18:24:33 EST" name="tearDownClass" finished-at="2026-01-14T18:24:34 EST" duration-ms="1131" status="PASS">
          <reporter-output>
          </reporter-output>
        </test-method> <!-- tearDownClass -->
      </class> <!-- runner.TestRunner -->
    </test> <!-- Default test -->
  </suite> <!-- Default suite -->
</testng-results>
